0 info it worked if it ends with ok
1 verbose cli [ 'C:\\Program Files\\nodejs\\node.exe',
1 verbose cli   'C:\\Program Files\\nodejs\\node_modules\\npm\\bin\\npm-cli.js',
1 verbose cli   'run',
1 verbose cli   'dev' ]
2 info using npm@3.10.9
3 info using node@v6.9.2
4 verbose run-script [ 'predev', 'dev', 'postdev' ]
5 info lifecycle some@0.0.1~predev: some@0.0.1
6 silly lifecycle some@0.0.1~predev: no script for predev, continuing
7 info lifecycle some@0.0.1~dev: some@0.0.1
8 verbose lifecycle some@0.0.1~dev: unsafe-perm in lifecycle true
9 verbose lifecycle some@0.0.1~dev: PATH: C:\Program Files\nodejs\node_modules\npm\bin\node-gyp-bin;F:\VadJs\10.05\node_modules\.bin;C:\Users\Вадим и наталья\AppData\Roaming\npm;C:\Program Files\nodejs\;C:\ProgramData\Oracle\Java\javapath;C:\Windows\system32;C:\Windows;C:\Windows\System32\Wbem;C:\Windows\System32\WindowsPowerShell\v1.0\;C:\Program Files\nodejs\;C:\Program Files (x86)\Skype\Phone\;C:\Program Files\Git\cmd;C:\Program Files (x86)\NVIDIA Corporation\PhysX\Common;C:\Users\Вадим и наталья\AppData\Roaming\npm
10 verbose lifecycle some@0.0.1~dev: CWD: F:\VadJs\10.05
11 silly lifecycle some@0.0.1~dev: Args: [ '/d /s /c', 'webpack-dev-server' ]
12 silly lifecycle some@0.0.1~dev: Returned: code: 3221225786  signal: null
13 info lifecycle some@0.0.1~dev: Failed to exec dev script
14 verbose stack Error: some@0.0.1 dev: `webpack-dev-server`
14 verbose stack Exit status 3221225786
14 verbose stack     at EventEmitter.<anonymous> (C:\Program Files\nodejs\node_modules\npm\lib\utils\lifecycle.js:255:16)
14 verbose stack     at emitTwo (events.js:106:13)
14 verbose stack     at EventEmitter.emit (events.js:191:7)
14 verbose stack     at ChildProcess.<anonymous> (C:\Program Files\nodejs\node_modules\npm\lib\utils\spawn.js:40:14)
14 verbose stack     at emitTwo (events.js:106:13)
14 verbose stack     at ChildProcess.emit (events.js:191:7)
14 verbose stack     at maybeClose (internal/child_process.js:877:16)
14 verbose stack     at Process.ChildProcess._handle.onexit (internal/child_process.js:226:5)
15 verbose pkgid some@0.0.1
16 verbose cwd F:\VadJs\10.05
17 error Windows_NT 6.1.7601
18 error argv "C:\\Program Files\\nodejs\\node.exe" "C:\\Program Files\\nodejs\\node_modules\\npm\\bin\\npm-cli.js" "run" "dev"
19 error node v6.9.2
20 error npm  v3.10.9
21 error code ELIFECYCLE
22 error some@0.0.1 dev: `webpack-dev-server`
22 error Exit status 3221225786
23 error Failed at the some@0.0.1 dev script 'webpack-dev-server'.
23 error Make sure you have the latest version of node.js and npm installed.
23 error If you do, this is most likely a problem with the some package,
23 error not with npm itself.
23 error Tell the author that this fails on your system:
23 error     webpack-dev-server
23 error You can get information on how to open an issue for this project with:
23 error     npm bugs some
23 error Or if that isn't available, you can get their info via:
23 error     npm owner ls some
23 error There is likely additional logging output above.
24 verbose exit [ 1, true ]
